<?xml version="1.0" encoding="UTF-8"?>
<!-- Generated by org.testng.reporters.JUnitReportReporter -->
<testsuite hostname="LAPTOP-V89S2LS6" failures="0" tests="1" name="Campaign.CreateCampaignTest" time="13.831" errors="0" timestamp="2025-02-17T17:59:00 MST" skipped="0">
  <testcase classname="Campaign.CreateCampaignTest" name="createCampaignTest" time="13.831"/>
</testsuite> <!-- Campaign.CreateCampaignTest -->
