<?xml version="1.0" encoding="UTF-8"?>
<!-- Generated by org.testng.reporters.JUnitReportReporter -->
<testsuite hostname="LAPTOP-V89S2LS6" failures="0" tests="1" name="Organization.CreateOrganizationTest" time="20.298" errors="0" timestamp="2025-02-17T17:58:29 MST" skipped="0">
  <testcase classname="Organization.CreateOrganizationTest" name="createOrganizationTest" time="20.298"/>
</testsuite> <!-- Organization.CreateOrganizationTest -->
